  DNSmessage.c
c:\users\אור\source\repos\nsclient\nsclient\dnsmessage.c(73): warning C4244: 'function': conversion from 'SOCKET' to 'int', possible loss of data
c:\users\אור\source\repos\nsclient\nsclient\dnsmessage.c(44): warning C4267: 'initializing': conversion from 'size_t' to 'int', possible loss of data
c:\users\אור\source\repos\nsclient\nsclient\dnsmessage.c(19): warning C4101: 'wait_code': unreferenced local variable
c:\users\אור\source\repos\nsclient\nsclient\dnsmessage.c(308): warning C4098: 'hexToEncoded': 'void' function returning a value
c:\users\אור\source\repos\nsclient\nsclient\dnsmessage.c(318): warning C4047: '=': 'char' differs in levels of indirection from 'void *'
c:\users\אור\source\repos\nsclient\nsclient\dnsmessage.c(328): warning C4047: '=': 'char' differs in levels of indirection from 'void *'
c:\users\אור\source\repos\nsclient\nsclient\dnsmessage.c(330): warning C4047: '=': 'char' differs in levels of indirection from 'void *'
  main.c
c:\users\אור\source\repos\nsclient\nsclient\main.c(36): warning C4047: '!=': 'int' differs in levels of indirection from 'void *'
c:\users\אור\source\repos\nsclient\nsclient\main.c(89): warning C4013: 'gets' undefined; assuming extern returning int
c:\users\אור\source\repos\nsclient\nsclient\main.c(117): warning C4047: '!=': 'int' differs in levels of indirection from 'void *'
  RFC.c
c:\users\אור\source\repos\nsclient\nsclient\rfc.c(58): warning C4101: 'question': unreferenced local variable
c:\users\אור\source\repos\nsclient\nsclient\rfc.c(97): warning C4098: 'urlToHexStr': 'void' function returning a value
c:\users\אור\source\repos\nsclient\nsclient\rfc.c(151): warning C4101: 'i': unreferenced local variable
c:\users\אור\source\repos\nsclient\nsclient\rfc.c(216): warning C4047: '=': 'char' differs in levels of indirection from 'void *'
c:\users\אור\source\repos\nsclient\nsclient\rfc.c(249): warning C4047: 'return': 'int' differs in levels of indirection from 'void *'
c:\users\אור\source\repos\nsclient\nsclient\rfc.c(279): warning C4267: '+=': conversion from 'size_t' to 'int', possible loss of data
c:\users\אור\source\repos\nsclient\nsclient\rfc.c(285): warning C4047: '=': 'char' differs in levels of indirection from 'void *'
  Generating Code...
c:\users\אור\source\repos\nsclient\nsclient\rfc.c(85): warning C4172: returning address of local variable or temporary: hex_number
  nsclient.vcxproj -> C:\Users\אור\source\repos\nsclient\x64\Debug\nsclient.exe
